108820008_HW3/108820008_HW3-2/108820008_HW3-2/app/build/intermediates/manifest_merge_blame_file/debug/manifest-merger-blame-debug-report.txt
1<?xml version="1.0" encoding="utf-8"?>
2<manifest xmlns:android="http://schemas.android.com/apk/res/android"
3    package="com.example.android.hellotoast"
4    android:versionCode="1"
5    android:versionName="1.0" >
6
7    <uses-sdk
8        android:minSdkVersion="16"
8-->src/main/AndroidManifest.xml
9        android:targetSdkVersion="26" />
9-->src/main/AndroidManifest.xml
10
11    <application
11-->src/main/AndroidManifest.xml:5:5-29:19
12        android:allowBackup="true"
12-->src/main/AndroidManifest.xml:6:9-35
13        android:debuggable="true"
14        android:icon="@mipmap/ic_launcher"
14-->src/main/AndroidManifest.xml:7:9-43
15        android:label="@string/app_name"
15-->src/main/AndroidManifest.xml:8:9-41
16        android:roundIcon="@mipmap/ic_launcher_round"
16-->src/main/AndroidManifest.xml:9:9-54
17        android:supportsRtl="true"
17-->src/main/AndroidManifest.xml:10:9-35
18        android:testOnly="true"
19        android:theme="@style/AppTheme" >
19-->src/main/AndroidManifest.xml:11:9-40
20        <activity
20-->src/main/AndroidManifest.xml:12:9-21:20
21            android:name="com.example.android.hellotoast.HelloActivity"
21-->src/main/AndroidManifest.xml:13:13-42
22            android:exported="false"
22-->src/main/AndroidManifest.xml:16:13-37
23            android:label="Hello Activity"
23-->src/main/AndroidManifest.xml:14:13-43
24            android:parentActivityName="com.example.android.hellotoast.MainActivity" >
24-->src/main/AndroidManifest.xml:15:13-55
25            <meta-data
25-->src/main/AndroidManifest.xml:17:13-20:69
26                android:name="android.support.PARENT_ACTIVITY"
26-->src/main/AndroidManifest.xml:18:17-63
27                android:value="com.example.android.hellotoast.MainActivity" />
27-->src/main/AndroidManifest.xml:19:17-97
28        </activity>
29        <activity android:name="com.example.android.hellotoast.MainActivity" >
29-->src/main/AndroidManifest.xml:22:9-28:20
29-->src/main/AndroidManifest.xml:22:19-47
30            <intent-filter>
30-->src/main/AndroidManifest.xml:23:13-27:29
31                <action android:name="android.intent.action.MAIN" />
31-->src/main/AndroidManifest.xml:24:17-69
31-->src/main/AndroidManifest.xml:24:25-66
32
33                <category android:name="android.intent.category.LAUNCHER" />
33-->src/main/AndroidManifest.xml:26:17-77
33-->src/main/AndroidManifest.xml:26:27-74
34            </intent-filter>
35        </activity>
36
37        <meta-data
37-->[com.android.support:appcompat-v7:26.1.0] AndroidManifest.xml:26:9-28:38
38            android:name="android.support.VERSION"
38-->[com.android.support:appcompat-v7:26.1.0] AndroidManifest.xml:27:13-51
39            android:value="26.1.0" />
39-->[com.android.support:appcompat-v7:26.1.0] AndroidManifest.xml:28:13-35
40        <meta-data
40-->[android.arch.lifecycle:runtime:1.0.0] AndroidManifest.xml:25:9-27:47
41            android:name="android.arch.lifecycle.VERSION"
41-->[android.arch.lifecycle:runtime:1.0.0] AndroidManifest.xml:26:13-58
42            android:value="27.0.0-SNAPSHOT" />
42-->[android.arch.lifecycle:runtime:1.0.0] AndroidManifest.xml:27:13-44
43    </application>
44
45</manifest>